TN:Deployment
SF:/Users/mcq/Clarity/projects/tickets-nft/contracts/tickets-nft.clar
FN:22,get-price
FN:57,mint
FN:27,claim
FN:37,transfer
FN:45,get-owner
FN:49,get-last-token-id
FN:53,get-token-uri
FNF:7
FNH:0
DA:5,2
DA:6,2
DA:7,2
DA:8,2
DA:9,1
DA:16,1
DA:17,1
DA:18,1
DA:19,1
DA:23,0
DA:28,0
DA:29,0
DA:30,0
DA:31,0
DA:32,0
DA:38,0
DA:39,0
DA:40,0
DA:46,0
DA:50,0
DA:54,0
DA:58,0
DA:59,0
DA:60,0
DA:61,0
DA:62,0
DA:63,0
DA:64,0
end_of_record
TN:Deployment
SF:/Users/mcq/Clarity/projects/tickets-nft/contracts/tickets-nft-trait.clar
FNF:0
FNH:0
end_of_record
TN:user can pay for and claim a token
SF:/Users/mcq/Clarity/projects/tickets-nft/contracts/tickets-nft.clar
FN:22,get-price
FN:57,mint
FN:27,claim
FN:37,transfer
FN:45,get-owner
FN:49,get-last-token-id
FN:53,get-token-uri
FNDA:1,claim
FNDA:1,mint
FNF:7
FNH:2
DA:5,0
DA:6,0
DA:7,0
DA:8,0
DA:9,0
DA:16,0
DA:17,0
DA:18,0
DA:19,0
DA:23,0
DA:28,1
DA:29,4
DA:30,4
DA:31,6
DA:32,2
DA:38,0
DA:39,0
DA:40,0
DA:46,0
DA:50,0
DA:54,0
DA:58,4
DA:59,4
DA:60,0
DA:61,1
DA:62,2
DA:63,2
DA:64,0
end_of_record
TN:user can pay for and claim a token
SF:/Users/mcq/Clarity/projects/tickets-nft/contracts/tickets-nft-trait.clar
FNF:0
FNH:0
end_of_record
